<?xml version="1.0" encoding="UTF-8"?>
<testng-results skipped="0" failed="0" ignored="0" total="1" passed="1">
  <reporter-output>
  </reporter-output>
  <suite name="Default suite" duration-ms="80845" started-at="2020-08-13T04:34:20Z" finished-at="2020-08-13T04:35:41Z">
    <groups>
    </groups>
    <test name="Default test" duration-ms="80845" started-at="2020-08-13T04:34:20Z" finished-at="2020-08-13T04:35:41Z">
      <class name="GitTest.GitTest">
        <test-method status="PASS" signature="logintest()[pri:0, instance:GitTest.GitTest@157696f]" name="logintest" duration-ms="80752" started-at="2020-08-13T04:34:20Z" finished-at="2020-08-13T04:35:41Z">
          <reporter-output>
          </reporter-output>
        </test-method> <!-- logintest -->
      </class> <!-- GitTest.GitTest -->
    </test> <!-- Default test -->
  </suite> <!-- Default suite -->
</testng-results>
